2025-01-29 00:01:47,677 - بدء مراقبة ملف Excel للتغييرات...
2025-01-29 01:06:47,926 - بدء مراقبة ملف Excel للتغييرات...
2025-01-29 01:19:31,274 - بدء مراقبة ملف Excel للتغييرات...
2025-01-29 01:23:51,297 - حدث خطأ: [Errno 13] Permission denied: 'data\\certificates.xlsx'
2025-01-29 01:23:58,038 - حدث خطأ: [Errno 13] Permission denied: 'data\\certificates.xlsx'
2025-01-29 01:24:21,298 - حدث خطأ: [Errno 13] Permission denied: 'data\\certificates.xlsx'
2025-01-29 01:24:28,046 - حدث خطأ: [Errno 13] Permission denied: 'data\\certificates.xlsx'
2025-01-29 01:24:51,299 - حدث خطأ: [Errno 13] Permission denied: 'data\\certificates.xlsx'
2025-01-29 01:24:58,051 - حدث خطأ: [Errno 13] Permission denied: 'data\\certificates.xlsx'
2025-01-29 01:25:21,302 - حدث خطأ: [Errno 13] Permission denied: 'data\\certificates.xlsx'
2025-01-29 01:25:28,052 - حدث خطأ: [Errno 13] Permission denied: 'data\\certificates.xlsx'
2025-01-29 01:25:51,303 - حدث خطأ: [Errno 13] Permission denied: 'data\\certificates.xlsx'
2025-01-29 01:25:58,053 - حدث خطأ: [Errno 13] Permission denied: 'data\\certificates.xlsx'
2025-01-29 01:26:21,304 - حدث خطأ: [Errno 13] Permission denied: 'data\\certificates.xlsx'
2025-01-29 01:26:28,055 - حدث خطأ: [Errno 13] Permission denied: 'data\\certificates.xlsx'
2025-01-29 01:26:51,305 - حدث خطأ: [Errno 13] Permission denied: 'data\\certificates.xlsx'
2025-01-29 01:26:58,056 - حدث خطأ: [Errno 13] Permission denied: 'data\\certificates.xlsx'
2025-01-29 01:27:21,307 - تم اكتشاف تغييرات في ملف Excel
2025-01-29 01:27:28,058 - تم اكتشاف تغييرات في ملف Excel
2025-01-29 01:27:31,502 - تم رفع التغييرات بنجاح
2025-01-29 01:27:33,288 - خطأ في تنفيذ الأمر ['git', 'commit', '-m', 'تحديث تلقائي للبيانات - 2025-01-29 01:27:33']: 
2025-01-29 01:27:33,288 - فشل في رفع التغييرات
2025-01-29 01:27:36,735 - بدء مراقبة ملف Excel للتغييرات...
2025-01-29 01:27:43,290 - تم اكتشاف تغييرات في ملف Excel
2025-01-29 01:27:48,411 - خطأ في تنفيذ الأمر ['git', 'commit', '-m', 'تحديث تلقائي للبيانات - 2025-01-29 01:27:48']: 
2025-01-29 01:27:48,413 - فشل في رفع التغييرات
2025-01-29 01:27:58,414 - تم اكتشاف تغييرات في ملف Excel
2025-01-29 01:28:03,553 - خطأ في تنفيذ الأمر ['git', 'commit', '-m', 'تحديث تلقائي للبيانات - 2025-01-29 01:28:03']: 
2025-01-29 01:28:03,553 - فشل في رفع التغييرات
2025-01-29 01:28:13,556 - تم اكتشاف تغييرات في ملف Excel
2025-01-29 01:28:18,709 - خطأ في تنفيذ الأمر ['git', 'commit', '-m', 'تحديث تلقائي للبيانات - 2025-01-29 01:28:18']: 
2025-01-29 01:28:18,710 - فشل في رفع التغييرات
2025-01-29 01:28:28,711 - تم اكتشاف تغييرات في ملف Excel
2025-01-29 01:28:33,855 - خطأ في تنفيذ الأمر ['git', 'commit', '-m', 'تحديث تلقائي للبيانات - 2025-01-29 01:28:33']: 
2025-01-29 01:28:33,856 - فشل في رفع التغييرات
2025-01-29 01:28:43,856 - تم اكتشاف تغييرات في ملف Excel
2025-01-29 01:28:48,984 - خطأ في تنفيذ الأمر ['git', 'commit', '-m', 'تحديث تلقائي للبيانات - 2025-01-29 01:28:48']: 
2025-01-29 01:28:48,985 - فشل في رفع التغييرات
2025-01-29 01:28:58,986 - تم اكتشاف تغييرات في ملف Excel
2025-01-29 01:29:04,126 - خطأ في تنفيذ الأمر ['git', 'commit', '-m', 'تحديث تلقائي للبيانات - 2025-01-29 01:29:03']: 
2025-01-29 01:29:04,126 - فشل في رفع التغييرات
2025-01-29 01:29:14,127 - تم اكتشاف تغييرات في ملف Excel
2025-01-29 01:29:19,289 - خطأ في تنفيذ الأمر ['git', 'commit', '-m', 'تحديث تلقائي للبيانات - 2025-01-29 01:29:19']: 
2025-01-29 01:29:19,290 - فشل في رفع التغييرات
2025-01-29 01:29:29,291 - تم اكتشاف تغييرات في ملف Excel
2025-01-29 01:29:34,422 - خطأ في تنفيذ الأمر ['git', 'commit', '-m', 'تحديث تلقائي للبيانات - 2025-01-29 01:29:34']: 
2025-01-29 01:29:34,422 - فشل في رفع التغييرات
2025-01-29 01:29:44,423 - تم اكتشاف تغييرات في ملف Excel
2025-01-29 01:29:49,563 - خطأ في تنفيذ الأمر ['git', 'commit', '-m', 'تحديث تلقائي للبيانات - 2025-01-29 01:29:49']: 
2025-01-29 01:29:49,563 - فشل في رفع التغييرات
2025-01-29 01:29:59,564 - تم اكتشاف تغييرات في ملف Excel
2025-01-29 01:30:04,701 - خطأ في تنفيذ الأمر ['git', 'commit', '-m', 'تحديث تلقائي للبيانات - 2025-01-29 01:30:04']: 
2025-01-29 01:30:04,702 - فشل في رفع التغييرات
2025-01-29 01:30:14,704 - تم اكتشاف تغييرات في ملف Excel
2025-01-29 01:30:19,846 - خطأ في تنفيذ الأمر ['git', 'commit', '-m', 'تحديث تلقائي للبيانات - 2025-01-29 01:30:19']: 
2025-01-29 01:30:19,847 - فشل في رفع التغييرات
2025-01-29 01:30:29,848 - تم اكتشاف تغييرات في ملف Excel
2025-01-29 01:30:34,980 - خطأ في تنفيذ الأمر ['git', 'commit', '-m', 'تحديث تلقائي للبيانات - 2025-01-29 01:30:34']: 
2025-01-29 01:30:34,981 - فشل في رفع التغييرات
